<?xml version="1.0" encoding="UTF-8"?>
<!-- Generated by org.testng.reporters.JUnitReportReporter -->
<testsuite skipped="0" hostname="LDO-PKT-PC0038" name="testCases.TC001_LoginLogout" tests="1" failures="0" timestamp="19 Feb 2019 13:17:39 GMT" time="46.068" errors="0">
  <testcase name="loginLogout" time="46.068" classname="testCases.TC001_LoginLogout"/>
</testsuite> <!-- testCases.TC001_LoginLogout -->
